<?xml version="1.0" encoding="UTF-8"?>
<testng-results skipped="0" failed="0" total="1" passed="1">
  <reporter-output>
  </reporter-output>
  <suite name="Suite" duration-ms="31" started-at="2017-12-17T08:13:27Z" finished-at="2017-12-17T08:13:27Z">
    <groups>
    </groups>
    <test name="Test" duration-ms="31" started-at="2017-12-17T08:13:27Z" finished-at="2017-12-17T08:13:27Z">
      <class name="com.selenium.project.MavenProject">
        <test-method status="PASS" signature="testhello()[pri:0, instance:com.selenium.project.MavenProject@48eff760]" name="testhello" duration-ms="13" started-at="2017-12-17T13:43:27Z" finished-at="2017-12-17T13:43:27Z">
          <reporter-output>
          </reporter-output>
        </test-method> <!-- testhello -->
      </class> <!-- com.selenium.project.MavenProject -->
    </test> <!-- Test -->
  </suite> <!-- Suite -->
</testng-results>
